Using pre-set license
Built from '2020.3/staging' branch; Version is '2020.3.11f1 (99c7afb366b3) revision 10078127'; Using compiler version '192528614'; Build Type 'Release'
OS: 'Windows 10 Pro; OS build 19042.1052; Version 2009; 64bit' Language: 'es' Physical Memory: 16316 MB
BatchMode: 1, IsHumanControllingUs: 0, StartBugReporterOnCrash: 0, Is64bit: 1, IsPro: 0

 COMMAND LINE ARGUMENTS:
F:\UnityProj\2020.3.11f1\Editor\Unity.exe
-adb2
-batchMode
-noUpm
-name
AssetImportWorker0
-projectPath
D:/Github/Project-MC33/Project-MC33
-logFile
Logs/AssetImportWorker0.log
-srvPort
53471
Successfully changed project path to: D:/Github/Project-MC33/Project-MC33
D:/Github/Project-MC33/Project-MC33
Using Asset Import Pipeline V2.
Refreshing native plugins compatible for Editor in 24.60 ms, found 2 plugins.
Preloading 0 native plugins for Editor in 0.00 ms.
Initialize engine version: 2020.3.11f1 (99c7afb366b3)
[Subsystems] Discovering subsystems at path F:/UnityProj/2020.3.11f1/Editor/Data/Resources/UnitySubsystems
[Subsystems] Discovering subsystems at path D:/Github/Project-MC33/Project-MC33/Assets
GfxDevice: creating device client; threaded=0
Direct3D:
    Version:  Direct3D 11.0 [level 11.1]
    Renderer: NVIDIA GeForce RTX 2070 SUPER (ID=0x1e84)
    Vendor:   
    VRAM:     8011 MB
    Driver:   27.21.14.6677
Initialize mono
Mono path[0] = 'F:/UnityProj/2020.3.11f1/Editor/Data/Managed'
Mono path[1] = 'F:/UnityProj/2020.3.11f1/Editor/Data/MonoBleedingEdge/lib/mono/unityjit'
Mono config path = 'F:/UnityProj/2020.3.11f1/Editor/Data/MonoBleedingEdge/etc'
Using monoOptions --debugger-agent=transport=dt_socket,embedding=1,server=y,suspend=n,address=127.0.0.1:56532
Begin MonoManager ReloadAssembly
Registering precompiled unity dll's ...
Register platform support module: F:/UnityProj/2020.3.11f1/Editor/Data/PlaybackEngines/MacStandaloneSupport/UnityEditor.OSXStandalone.Extensions.dll
Register platform support module: F:/UnityProj/2020.3.11f1/Editor/Data/PlaybackEngines/WindowsStandaloneSupport/UnityEditor.WindowsStandalone.Extensions.dll
Registered in 0.002828 seconds.
Native extension for WindowsStandalone target not found
Native extension for OSXStandalone target not found
Refreshing native plugins compatible for Editor in 24.75 ms, found 2 plugins.
Preloading 0 native plugins for Editor in 0.00 ms.
Mono: successfully reloaded assembly
- Completed reload, in  1.256 seconds
Platform modules already initialized, skipping
Registering precompiled user dll's ...
Registered in 0.003345 seconds.
Begin MonoManager ReloadAssembly
Native extension for WindowsStandalone target not found
Native extension for OSXStandalone target not found
Refreshing native plugins compatible for Editor in 0.29 ms, found 2 plugins.
Preloading 0 native plugins for Editor in 0.00 ms.
Mono: successfully reloaded assembly
- Completed reload, in  0.854 seconds
Platform modules already initialized, skipping
========================================================================
Worker process is ready to serve import requests
Launched and connected shader compiler UnityShaderCompiler.exe after 0.04 seconds
Refreshing native plugins compatible for Editor in 0.27 ms, found 2 plugins.
Preloading 0 native plugins for Editor in 0.00 ms.
Unloading 1391 Unused Serialized files (Serialized files now loaded: 0)
System memory in use before: 65.3 MB.
System memory in use after: 65.3 MB.

Unloading 19 unused Assets to reduce memory usage. Loaded Objects now: 1826.
Total: 1.760500 ms (FindLiveObjects: 0.145500 ms CreateObjectMapping: 0.032800 ms MarkObjects: 1.519300 ms  DeleteObjects: 0.062200 ms)

========================================================================
Received Import Request.
  path: Assets/Simple 2D Platformer BE2/App Icon.png
  artifactKey: Guid(c0ced59eb0176454886bbc0407e71090) Importer(815301076,1909f56bfc062723c751e8b465ee728b)
Start importing Assets/Simple 2D Platformer BE2/App Icon.png using Guid(c0ced59eb0176454886bbc0407e71090) Importer(815301076,1909f56bfc062723c751e8b465ee728b)  -> (artifact id: '70524f6abe921d84099255e40549c27b') in 0.176414 seconds
  Import took 0.178951 seconds .

========================================================================
Received Import Request.
  Time since last request: 0.000429 seconds.
  path: Assets/Simple 2D Platformer BE2/Readme.asset
  artifactKey: Guid(53e51aee442d4ef479557f25a7bd3230) Importer(815301076,1909f56bfc062723c751e8b465ee728b)
Start importing Assets/Simple 2D Platformer BE2/Readme.asset using Guid(53e51aee442d4ef479557f25a7bd3230) Importer(815301076,1909f56bfc062723c751e8b465ee728b)  -> (artifact id: 'b814a4d81eebb6d6ef9520e0ca1fa504') in 0.008003 seconds
  Import took 0.010070 seconds .

========================================================================
Received Prepare
Registering precompiled user dll's ...
Registered in 0.003255 seconds.
Begin MonoManager ReloadAssembly
Native extension for WindowsStandalone target not found
Native extension for OSXStandalone target not found
Refreshing native plugins compatible for Editor in 0.29 ms, found 2 plugins.
Preloading 0 native plugins for Editor in 0.00 ms.
Mono: successfully reloaded assembly
- Completed reload, in  0.808 seconds
Platform modules already initialized, skipping
Refreshing native plugins compatible for Editor in 0.27 ms, found 2 plugins.
Preloading 0 native plugins for Editor in 0.00 ms.
Unloading 1386 Unused Serialized files (Serialized files now loaded: 0)
System memory in use before: 68.3 MB.
System memory in use after: 68.4 MB.

Unloading 14 unused Assets to reduce memory usage. Loaded Objects now: 1835.
Total: 1.831900 ms (FindLiveObjects: 0.116100 ms CreateObjectMapping: 0.031900 ms MarkObjects: 1.643500 ms  DeleteObjects: 0.039600 ms)

========================================================================
Received Prepare
Registering precompiled user dll's ...
Registered in 0.003240 seconds.
Begin MonoManager ReloadAssembly
Native extension for WindowsStandalone target not found
Native extension for OSXStandalone target not found
Refreshing native plugins compatible for Editor in 0.29 ms, found 2 plugins.
Preloading 0 native plugins for Editor in 0.00 ms.
Mono: successfully reloaded assembly
- Completed reload, in  0.801 seconds
Platform modules already initialized, skipping
Refreshing native plugins compatible for Editor in 0.28 ms, found 2 plugins.
Preloading 0 native plugins for Editor in 0.00 ms.
Unloading 1386 Unused Serialized files (Serialized files now loaded: 0)
System memory in use before: 68.3 MB.
System memory in use after: 68.4 MB.

Unloading 14 unused Assets to reduce memory usage. Loaded Objects now: 1838.
Total: 1.886300 ms (FindLiveObjects: 0.135300 ms CreateObjectMapping: 0.032500 ms MarkObjects: 1.678000 ms  DeleteObjects: 0.039600 ms)

========================================================================
Received Prepare
Registering precompiled user dll's ...
Registered in 0.003963 seconds.
Begin MonoManager ReloadAssembly
Native extension for WindowsStandalone target not found
Native extension for OSXStandalone target not found
Refreshing native plugins compatible for Editor in 0.29 ms, found 2 plugins.
Preloading 0 native plugins for Editor in 0.00 ms.
Mono: successfully reloaded assembly
- Completed reload, in  0.796 seconds
Platform modules already initialized, skipping
Refreshing native plugins compatible for Editor in 0.30 ms, found 2 plugins.
Preloading 0 native plugins for Editor in 0.00 ms.
Unloading 1386 Unused Serialized files (Serialized files now loaded: 0)
System memory in use before: 68.4 MB.
System memory in use after: 68.4 MB.

Unloading 14 unused Assets to reduce memory usage. Loaded Objects now: 1841.
Total: 1.671300 ms (FindLiveObjects: 0.134100 ms CreateObjectMapping: 0.031800 ms MarkObjects: 1.460700 ms  DeleteObjects: 0.043700 ms)

========================================================================
Received Import Request.
  Time since last request: 333.222062 seconds.
  path: Assets/IsaacLvl
  artifactKey: Guid(d6f6962be0646964ab21cb0e7bf25876) Importer(815301076,1909f56bfc062723c751e8b465ee728b)
Start importing Assets/IsaacLvl using Guid(d6f6962be0646964ab21cb0e7bf25876) Importer(815301076,1909f56bfc062723c751e8b465ee728b)  -> (artifact id: '8625bfe4992997526bfa7e3090a30a0d') in 0.009530 seconds
  Import took 0.011773 seconds .

========================================================================
Received Import Request.
  Time since last request: 1.938286 seconds.
  path: Assets/Tilemaps
  artifactKey: Guid(e6cd686d47fcb354c92991b4f1488b21) Importer(815301076,1909f56bfc062723c751e8b465ee728b)
Start importing Assets/Tilemaps using Guid(e6cd686d47fcb354c92991b4f1488b21) Importer(815301076,1909f56bfc062723c751e8b465ee728b)  -> (artifact id: '929807726989dd6a997c32a36a17513c') in 0.003875 seconds
  Import took 0.005979 seconds .

========================================================================
Received Import Request.
  Time since last request: 0.550188 seconds.
  path: Assets/Material
  artifactKey: Guid(f674473b93224da419cec9986696f3e8) Importer(815301076,1909f56bfc062723c751e8b465ee728b)
Start importing Assets/Material using Guid(f674473b93224da419cec9986696f3e8) Importer(815301076,1909f56bfc062723c751e8b465ee728b)  -> (artifact id: '34cd829c182e8b536fd1c8673f1757d8') in 0.004256 seconds
  Import took 0.007161 seconds .

========================================================================
Received Prepare
Registering precompiled user dll's ...
Registered in 0.003340 seconds.
Begin MonoManager ReloadAssembly
Native extension for WindowsStandalone target not found
Native extension for OSXStandalone target not found
Refreshing native plugins compatible for Editor in 0.28 ms, found 2 plugins.
Preloading 0 native plugins for Editor in 0.00 ms.
Mono: successfully reloaded assembly
- Completed reload, in  0.787 seconds
Platform modules already initialized, skipping
Refreshing native plugins compatible for Editor in 0.34 ms, found 2 plugins.
Preloading 0 native plugins for Editor in 0.00 ms.
Unloading 1386 Unused Serialized files (Serialized files now loaded: 0)
System memory in use before: 68.4 MB.
System memory in use after: 68.4 MB.

Unloading 14 unused Assets to reduce memory usage. Loaded Objects now: 1844.
Total: 1.899300 ms (FindLiveObjects: 0.167900 ms CreateObjectMapping: 0.041800 ms MarkObjects: 1.644500 ms  DeleteObjects: 0.043700 ms)

========================================================================
Received Import Request.
  Time since last request: 12.377728 seconds.
  path: Assets/IsaacLvl/Prefab
  artifactKey: Guid(b3ec1d88680ec334ebc676affa29a49e) Importer(815301076,1909f56bfc062723c751e8b465ee728b)
Start importing Assets/IsaacLvl/Prefab using Guid(b3ec1d88680ec334ebc676affa29a49e) Importer(815301076,1909f56bfc062723c751e8b465ee728b)  -> (artifact id: '099d10b28f11ad822a3502d7c3dea3f8') in 0.005645 seconds
  Import took 0.008151 seconds .

========================================================================
Received Import Request.
  Time since last request: 3.554171 seconds.
  path: Assets/IsaacLvl/Prefab/Player.prefab
  artifactKey: Guid(d36b76fdc837897408f383793c14ec8c) Importer(815301076,1909f56bfc062723c751e8b465ee728b)
Start importing Assets/IsaacLvl/Prefab/Player.prefab using Guid(d36b76fdc837897408f383793c14ec8c) Importer(815301076,1909f56bfc062723c751e8b465ee728b)  -> (artifact id: '2a07a81589c5effdaacab60b81370a3f') in 0.064304 seconds
  Import took 0.066509 seconds .

========================================================================
Received Import Request.
  Time since last request: 0.001787 seconds.
  path: Assets/IsaacLvl/Prefab/Player.prefab
  artifactKey: Guid(d36b76fdc837897408f383793c14ec8c) Importer(815301076,1909f56bfc062723c751e8b465ee728b)
Start importing Assets/IsaacLvl/Prefab/Player.prefab using Guid(d36b76fdc837897408f383793c14ec8c) Importer(815301076,1909f56bfc062723c751e8b465ee728b)  -> (artifact id: '2a07a81589c5effdaacab60b81370a3f') in 0.011680 seconds
  Import took 0.013862 seconds .

========================================================================
Received Import Request.
  Time since last request: 11.386230 seconds.
  path: Assets/Prefabs
  artifactKey: Guid(58049c0b41b636746b200c0f5d7ca97b) Importer(815301076,1909f56bfc062723c751e8b465ee728b)
Start importing Assets/Prefabs using Guid(58049c0b41b636746b200c0f5d7ca97b) Importer(815301076,1909f56bfc062723c751e8b465ee728b)  -> (artifact id: 'e04a1ef58623d593aacca7c2d35b244b') in 0.003525 seconds
  Import took 0.005601 seconds .

========================================================================
Received Import Request.
  Time since last request: 65.860882 seconds.
  path: Assets/Prefabs/PlayerGeneral.prefab
  artifactKey: Guid(b09448aff2ca35445b91d682d8a05ed6) Importer(815301076,1909f56bfc062723c751e8b465ee728b)
Start importing Assets/Prefabs/PlayerGeneral.prefab using Guid(b09448aff2ca35445b91d682d8a05ed6) Importer(815301076,1909f56bfc062723c751e8b465ee728b)  -> (artifact id: 'f0173798293686968400ba39efade593') in 0.011067 seconds
  Import took 0.013893 seconds .

========================================================================
Received Import Request.
  Time since last request: 5.951511 seconds.
  path: Assets/Lvl1
  artifactKey: Guid(5818cf59bffe943488fd02e6a0f2fa7e) Importer(815301076,1909f56bfc062723c751e8b465ee728b)
Start importing Assets/Lvl1 using Guid(5818cf59bffe943488fd02e6a0f2fa7e) Importer(815301076,1909f56bfc062723c751e8b465ee728b)  -> (artifact id: '7e22e66a3149af916b6fbb0d17bf89a6') in 0.004270 seconds
  Import took 0.007018 seconds .

========================================================================
Received Import Request.
  Time since last request: 7.986245 seconds.
  path: Assets/FirstWorld
  artifactKey: Guid(5818cf59bffe943488fd02e6a0f2fa7e) Importer(815301076,1909f56bfc062723c751e8b465ee728b)
Start importing Assets/FirstWorld using Guid(5818cf59bffe943488fd02e6a0f2fa7e) Importer(815301076,1909f56bfc062723c751e8b465ee728b)  -> (artifact id: '2c79a630e16fff2443ff6cd8e1435135') in 0.004032 seconds
  Import took 0.006338 seconds .

========================================================================
Received Import Request.
  Time since last request: 11.518113 seconds.
  path: Assets/FirstWorld/FirstWorldScene.unity
  artifactKey: Guid(56c0768740831de4184c1da07910d9f8) Importer(815301076,1909f56bfc062723c751e8b465ee728b)
Start importing Assets/FirstWorld/FirstWorldScene.unity using Guid(56c0768740831de4184c1da07910d9f8) Importer(815301076,1909f56bfc062723c751e8b465ee728b)  -> (artifact id: '48dacf3aa62b113f2486c5c32b468942') in 0.004006 seconds
  Import took 0.006191 seconds .

========================================================================
Received Import Request.
  Time since last request: 0.000824 seconds.
  path: Assets/FirstWorld/FirstWorldScene.unity
  artifactKey: Guid(56c0768740831de4184c1da07910d9f8) Importer(815301076,1909f56bfc062723c751e8b465ee728b)
Start importing Assets/FirstWorld/FirstWorldScene.unity using Guid(56c0768740831de4184c1da07910d9f8) Importer(815301076,1909f56bfc062723c751e8b465ee728b)  -> (artifact id: '48dacf3aa62b113f2486c5c32b468942') in 0.003317 seconds
  Import took 0.005859 seconds .

========================================================================
Received Import Request.
  Time since last request: 9.242655 seconds.
  path: Assets/IsaacLvl/Scenes
  artifactKey: Guid(b214880e119883343a3d7b0f89964b4f) Importer(815301076,1909f56bfc062723c751e8b465ee728b)
Start importing Assets/IsaacLvl/Scenes using Guid(b214880e119883343a3d7b0f89964b4f) Importer(815301076,1909f56bfc062723c751e8b465ee728b)  -> (artifact id: '91a209aa99de419c9e31941d29166157') in 0.004137 seconds
  Import took 0.006837 seconds .

========================================================================
Received Import Request.
  Time since last request: 1.228364 seconds.
  path: Assets/IsaacLvl/Scenes/Oriol.unity
  artifactKey: Guid(404e711aaeefabc489fb804e43aaf34d) Importer(815301076,1909f56bfc062723c751e8b465ee728b)
Start importing Assets/IsaacLvl/Scenes/Oriol.unity using Guid(404e711aaeefabc489fb804e43aaf34d) Importer(815301076,1909f56bfc062723c751e8b465ee728b)  -> (artifact id: 'd9c571505b78b00b240477a2732db0fc') in 0.003949 seconds
  Import took 0.006321 seconds .

========================================================================
Received Import Request.
  Time since last request: 2.744621 seconds.
  path: Assets/IsaacLvl/Scenes/a.unity
  artifactKey: Guid(e8ac5b035d68f3b4ba67a695a0377432) Importer(815301076,1909f56bfc062723c751e8b465ee728b)
Start importing Assets/IsaacLvl/Scenes/a.unity using Guid(e8ac5b035d68f3b4ba67a695a0377432) Importer(815301076,1909f56bfc062723c751e8b465ee728b)  -> (artifact id: '6a673cf9acd470237ba4816934a8451a') in 0.010431 seconds
  Import took 0.012586 seconds .

========================================================================
Received Import Request.
  Time since last request: 1.891471 seconds.
  path: Assets/IsaacLvl/Scenes/SampleScene.unity
  artifactKey: Guid(9fc0d4010bbf28b4594072e72b8655ab) Importer(815301076,1909f56bfc062723c751e8b465ee728b)
Start importing Assets/IsaacLvl/Scenes/SampleScene.unity using Guid(9fc0d4010bbf28b4594072e72b8655ab) Importer(815301076,1909f56bfc062723c751e8b465ee728b)  -> (artifact id: '85059f4f9e1a832ed95adaa0d25c5c4c') in 0.004029 seconds
  Import took 0.006120 seconds .

========================================================================
Received Import Request.
  Time since last request: 2.125549 seconds.
  path: Assets/IsaacLvl/Scenes/FirstScene.unity
  artifactKey: Guid(850a167d2fcf23842a861357f73469ba) Importer(815301076,1909f56bfc062723c751e8b465ee728b)
Start importing Assets/IsaacLvl/Scenes/FirstScene.unity using Guid(850a167d2fcf23842a861357f73469ba) Importer(815301076,1909f56bfc062723c751e8b465ee728b)  -> (artifact id: '55ea7e3f89da042aac3a3ec2fb6daed5') in 0.005321 seconds
  Import took 0.007460 seconds .

========================================================================
Received Import Request.
  Time since last request: 1.669436 seconds.
  path: Assets/IsaacLvl/Scenes/Isaac.unity
  artifactKey: Guid(14b28128d8dfa144b8aec768a2812534) Importer(815301076,1909f56bfc062723c751e8b465ee728b)
Start importing Assets/IsaacLvl/Scenes/Isaac.unity using Guid(14b28128d8dfa144b8aec768a2812534) Importer(815301076,1909f56bfc062723c751e8b465ee728b)  -> (artifact id: 'ba86910a5225c7eb9441cf6f91e8340e') in 0.004320 seconds
  Import took 0.006473 seconds .

========================================================================
Received Prepare
Registering precompiled user dll's ...
Registered in 0.003444 seconds.
Begin MonoManager ReloadAssembly
Native extension for WindowsStandalone target not found
Native extension for OSXStandalone target not found
Refreshing native plugins compatible for Editor in 0.30 ms, found 2 plugins.
Preloading 0 native plugins for Editor in 0.00 ms.
Mono: successfully reloaded assembly
- Completed reload, in  0.802 seconds
Platform modules already initialized, skipping
Refreshing native plugins compatible for Editor in 0.30 ms, found 2 plugins.
Preloading 0 native plugins for Editor in 0.00 ms.
Unloading 1386 Unused Serialized files (Serialized files now loaded: 0)
System memory in use before: 68.5 MB.
System memory in use after: 68.6 MB.

Unloading 14 unused Assets to reduce memory usage. Loaded Objects now: 1851.
Total: 1.588900 ms (FindLiveObjects: 0.132100 ms CreateObjectMapping: 0.036900 ms MarkObjects: 1.377700 ms  DeleteObjects: 0.041500 ms)

========================================================================
Received Import Request.
  Time since last request: 125.499751 seconds.
  path: Assets/IsaacLvl/Prefab/Grid.prefab
  artifactKey: Guid(26f07e558f828df4aa85de0de6d5385a) Importer(815301076,1909f56bfc062723c751e8b465ee728b)
Start importing Assets/IsaacLvl/Prefab/Grid.prefab using Guid(26f07e558f828df4aa85de0de6d5385a) Importer(815301076,1909f56bfc062723c751e8b465ee728b)  -> (artifact id: '72b237f6d5ede75944fc344a49017ca4') in 0.023266 seconds
  Import took 0.025500 seconds .

========================================================================
Received Prepare
Registering precompiled user dll's ...
Registered in 0.003319 seconds.
Begin MonoManager ReloadAssembly
Native extension for WindowsStandalone target not found
Native extension for OSXStandalone target not found
Refreshing native plugins compatible for Editor in 0.30 ms, found 2 plugins.
Preloading 0 native plugins for Editor in 0.00 ms.
Mono: successfully reloaded assembly
- Completed reload, in  0.839 seconds
Platform modules already initialized, skipping
Refreshing native plugins compatible for Editor in 0.29 ms, found 2 plugins.
Preloading 0 native plugins for Editor in 0.00 ms.
Unloading 1387 Unused Serialized files (Serialized files now loaded: 0)
System memory in use before: 68.6 MB.
System memory in use after: 68.6 MB.

Unloading 14 unused Assets to reduce memory usage. Loaded Objects now: 1855.
Total: 2.038100 ms (FindLiveObjects: 0.132300 ms CreateObjectMapping: 0.037200 ms MarkObjects: 1.790000 ms  DeleteObjects: 0.077500 ms)

========================================================================
Received Prepare
Registering precompiled user dll's ...
Registered in 0.003344 seconds.
Begin MonoManager ReloadAssembly
Native extension for WindowsStandalone target not found
Native extension for OSXStandalone target not found
Refreshing native plugins compatible for Editor in 0.28 ms, found 2 plugins.
Preloading 0 native plugins for Editor in 0.00 ms.
Mono: successfully reloaded assembly
- Completed reload, in  0.794 seconds
Platform modules already initialized, skipping
Refreshing native plugins compatible for Editor in 0.27 ms, found 2 plugins.
Preloading 0 native plugins for Editor in 0.00 ms.
Unloading 1387 Unused Serialized files (Serialized files now loaded: 0)
System memory in use before: 68.6 MB.
System memory in use after: 68.6 MB.

Unloading 14 unused Assets to reduce memory usage. Loaded Objects now: 1858.
Total: 1.924000 ms (FindLiveObjects: 0.141000 ms CreateObjectMapping: 0.042100 ms MarkObjects: 1.691500 ms  DeleteObjects: 0.048300 ms)

========================================================================
Received Prepare
Registering precompiled user dll's ...
Registered in 0.004202 seconds.
Begin MonoManager ReloadAssembly
Native extension for WindowsStandalone target not found
Native extension for OSXStandalone target not found
Refreshing native plugins compatible for Editor in 0.28 ms, found 2 plugins.
Preloading 0 native plugins for Editor in 0.00 ms.
Mono: successfully reloaded assembly
- Completed reload, in  0.811 seconds
Platform modules already initialized, skipping
Refreshing native plugins compatible for Editor in 0.32 ms, found 2 plugins.
Preloading 0 native plugins for Editor in 0.00 ms.
Unloading 1387 Unused Serialized files (Serialized files now loaded: 0)
System memory in use before: 68.6 MB.
System memory in use after: 68.6 MB.

Unloading 14 unused Assets to reduce memory usage. Loaded Objects now: 1861.
Total: 1.743300 ms (FindLiveObjects: 0.125000 ms CreateObjectMapping: 0.035700 ms MarkObjects: 1.536900 ms  DeleteObjects: 0.044800 ms)

========================================================================
Received Prepare
Registering precompiled user dll's ...
Registered in 0.003230 seconds.
Begin MonoManager ReloadAssembly
Native extension for WindowsStandalone target not found
Native extension for OSXStandalone target not found
Refreshing native plugins compatible for Editor in 0.30 ms, found 2 plugins.
Preloading 0 native plugins for Editor in 0.00 ms.
Mono: successfully reloaded assembly
- Completed reload, in  0.781 seconds
Platform modules already initialized, skipping
Refreshing native plugins compatible for Editor in 0.28 ms, found 2 plugins.
Preloading 0 native plugins for Editor in 0.00 ms.
Unloading 1387 Unused Serialized files (Serialized files now loaded: 0)
System memory in use before: 68.6 MB.
System memory in use after: 68.6 MB.

Unloading 14 unused Assets to reduce memory usage. Loaded Objects now: 1864.
Total: 1.796600 ms (FindLiveObjects: 0.139800 ms CreateObjectMapping: 0.045200 ms MarkObjects: 1.568300 ms  DeleteObjects: 0.042500 ms)

========================================================================
Received Prepare
Registering precompiled user dll's ...
Registered in 0.003245 seconds.
Begin MonoManager ReloadAssembly
Native extension for WindowsStandalone target not found
Native extension for OSXStandalone target not found
Refreshing native plugins compatible for Editor in 0.32 ms, found 2 plugins.
Preloading 0 native plugins for Editor in 0.00 ms.
Mono: successfully reloaded assembly
- Completed reload, in  0.774 seconds
Platform modules already initialized, skipping
Refreshing native plugins compatible for Editor in 0.28 ms, found 2 plugins.
Preloading 0 native plugins for Editor in 0.00 ms.
Unloading 1387 Unused Serialized files (Serialized files now loaded: 0)
System memory in use before: 68.6 MB.
System memory in use after: 68.7 MB.

Unloading 14 unused Assets to reduce memory usage. Loaded Objects now: 1867.
Total: 1.706900 ms (FindLiveObjects: 0.128000 ms CreateObjectMapping: 0.036800 ms MarkObjects: 1.496700 ms  DeleteObjects: 0.044700 ms)

========================================================================
Received Prepare
Registering precompiled user dll's ...
Registered in 0.003234 seconds.
Begin MonoManager ReloadAssembly
Native extension for WindowsStandalone target not found
Native extension for OSXStandalone target not found
Refreshing native plugins compatible for Editor in 0.29 ms, found 2 plugins.
Preloading 0 native plugins for Editor in 0.00 ms.
Mono: successfully reloaded assembly
- Completed reload, in  0.774 seconds
Platform modules already initialized, skipping
Refreshing native plugins compatible for Editor in 0.28 ms, found 2 plugins.
Preloading 0 native plugins for Editor in 0.00 ms.
Unloading 1387 Unused Serialized files (Serialized files now loaded: 0)
System memory in use before: 68.6 MB.
System memory in use after: 68.7 MB.

Unloading 14 unused Assets to reduce memory usage. Loaded Objects now: 1870.
Total: 1.884100 ms (FindLiveObjects: 0.134800 ms CreateObjectMapping: 0.032700 ms MarkObjects: 1.675300 ms  DeleteObjects: 0.040400 ms)

========================================================================
Received Import Request.
  Time since last request: 568.113453 seconds.
  path: Assets/Prefabs/PlayerGeneral.prefab
  artifactKey: Guid(b09448aff2ca35445b91d682d8a05ed6) Importer(815301076,1909f56bfc062723c751e8b465ee728b)
Start importing Assets/Prefabs/PlayerGeneral.prefab using Guid(b09448aff2ca35445b91d682d8a05ed6) Importer(815301076,1909f56bfc062723c751e8b465ee728b)  -> (artifact id: 'ac4ae2927e72ae2960b80facf7e1ea51') in 0.060703 seconds
  Import took 0.062914 seconds .

========================================================================
Received Import Request.
  Time since last request: 10.011292 seconds.
  path: Assets/GeneralScripts
  artifactKey: Guid(47a8515f8b940244e8afac89b4231450) Importer(815301076,1909f56bfc062723c751e8b465ee728b)
Start importing Assets/GeneralScripts using Guid(47a8515f8b940244e8afac89b4231450) Importer(815301076,1909f56bfc062723c751e8b465ee728b)  -> (artifact id: 'd542667fc0e7234794b1a6b88fd31d9f') in 0.003206 seconds
  Import took 0.005348 seconds .

========================================================================
Received Import Request.
  Time since last request: 0.000340 seconds.
  path: Assets/GeneralScripts
  artifactKey: Guid(47a8515f8b940244e8afac89b4231450) Importer(815301076,1909f56bfc062723c751e8b465ee728b)
Start importing Assets/GeneralScripts using Guid(47a8515f8b940244e8afac89b4231450) Importer(815301076,1909f56bfc062723c751e8b465ee728b)  -> (artifact id: 'd542667fc0e7234794b1a6b88fd31d9f') in 0.003064 seconds
  Import took 0.005083 seconds .

========================================================================
Received Prepare
Registering precompiled user dll's ...
Registered in 0.003280 seconds.
Begin MonoManager ReloadAssembly
Native extension for WindowsStandalone target not found
Native extension for OSXStandalone target not found
Refreshing native plugins compatible for Editor in 0.30 ms, found 2 plugins.
Preloading 0 native plugins for Editor in 0.00 ms.
Mono: successfully reloaded assembly
- Completed reload, in  0.780 seconds
Platform modules already initialized, skipping
Refreshing native plugins compatible for Editor in 0.28 ms, found 2 plugins.
Preloading 0 native plugins for Editor in 0.00 ms.
Unloading 1387 Unused Serialized files (Serialized files now loaded: 0)
System memory in use before: 68.6 MB.
System memory in use after: 68.7 MB.

Unloading 14 unused Assets to reduce memory usage. Loaded Objects now: 1874.
Total: 1.769800 ms (FindLiveObjects: 0.137200 ms CreateObjectMapping: 0.034500 ms MarkObjects: 1.556300 ms  DeleteObjects: 0.040800 ms)

AssetImportWorkerClient::OnTransportError - code=2 error=End of file
